<?xml version="1.0" encoding="utf-8"?><testsuites name="pytest tests"><testsuite name="pytest" errors="0" failures="0" skipped="0" tests="20" time="4.831" timestamp="2026-09-07T09:53:49.144236+00:00" hostname="ubuntu"><testcase classname="tests.test_mlx_native_device" name="test_native_device_relaunch_error_recovery_and_reset" time="0.218" /><testcase classname="tests.test_mlx_native_device" name="test_binary_loading_dma_and_same_native_kernel[bsmm]" time="0.313" /><testcase classname="tests.test_mlx_native_device" name="test_binary_loading_dma_and_same_native_kernel[fft_cmp]" time="0.290" /><testcase classname="tests.test_mlx_native_device" name="test_binary_loading_dma_and_same_native_kernel[swa]" time="0.286" /><testcase classname="tests.test_mlx_native_device" name="test_binary_loading_dma_and_same_native_kernel[transformer_block]" time="0.300" /><testcase classname="tests.test_mlx_native_device" name="test_input_comes_from_dma_not_configuration_or_a_golden" time="0.251" /><testcase classname="tests.test_mlx_native_device" name="test_memory_backpressure_changes_dma_but_not_kernel_schedule" time="0.471" /><testcase classname="tests.test_mlx_native_device" name="test_invalid_image_is_rejected_before_dma_or_kernel[magic]" time="0.235" /><testcase classname="tests.test_mlx_native_device" name="test_invalid_image_is_rejected_before_dma_or_kernel[route]" time="0.225" /><testcase classname="tests.test_mlx_native_device" name="test_invalid_image_is_rejected_before_dma_or_kernel[missing]" time="0.231" /><testcase classname="tests.test_mlx_native_device" name="test_invalid_image_is_rejected_before_dma_or_kernel[extra]" time="0.232" /><testcase classname="tests.test_mlx_native_device" name="test_dpi_signal_bridge_matches_direct_device_handshakes" time="0.537" /><testcase classname="tests.test_mlx_native_system_gate" name="test_build_provenance_rejects_stale_inputs_and_changed_binary[source]" time="0.005" /><testcase classname="tests.test_mlx_native_system_gate" name="test_build_provenance_rejects_stale_inputs_and_changed_binary[library]" time="0.004" /><testcase classname="tests.test_mlx_native_system_gate" name="test_build_provenance_rejects_stale_inputs_and_changed_binary[binary]" time="0.004" /><testcase classname="tests.test_mlx_native_system_gate" name="test_build_provenance_rejects_stale_inputs_and_changed_binary[identity]" time="0.004" /><testcase classname="tests.test_mlx_native_system_gate" name="test_dma_audit_rejects_missing_or_corrupted_transactions[missing_response]" time="0.222" /><testcase classname="tests.test_mlx_native_system_gate" name="test_dma_audit_rejects_missing_or_corrupted_transactions[read_data]" time="0.230" /><testcase classname="tests.test_mlx_native_system_gate" name="test_dma_audit_rejects_missing_or_corrupted_transactions[write_data]" time="0.234" /><testcase classname="tests.test_mlx_native_system_gate" name="test_dma_audit_rejects_missing_or_corrupted_transactions[count]" time="0.258" /></testsuite></testsuites>