<?xml version="1.0" encoding="utf-8"?><testsuites name="pytest tests"><testsuite name="pytest" errors="0" failures="0" skipped="0" tests="3" time="0.858" timestamp="2026-09-09T15:53:27.096889+00:00" hostname="ubuntu"><testcase classname="tests.test_physical_qa_package" name="test_package_rejects_nonaccepted_execution_before_copy[running-None-physical]" time="0.258" /><testcase classname="tests.test_physical_qa_package" name="test_package_rejects_nonaccepted_execution_before_copy[exited-1-physical]" time="0.257" /><testcase classname="tests.test_physical_qa_package" name="test_package_rejects_nonaccepted_execution_before_copy[exited-0-paired]" time="0.275" /></testsuite></testsuites>