<?xml version="1.0" encoding="utf-8"?><testsuites name="pytest tests"><testsuite name="pytest" errors="0" failures="0" skipped="0" tests="117" time="12.941" timestamp="2026-09-09T12:28:26.809309+00:00" hostname="ubuntu"><testcase classname="tests.test_model_event_linker" name="test_linked_complete_fixture_matches_native_graph[False-batched]" time="0.550" /><testcase classname="tests.test_model_event_linker" name="test_linked_complete_fixture_matches_native_graph[False-neg]" time="0.064" /><testcase classname="tests.test_model_event_linker" name="test_linked_complete_fixture_matches_native_graph[False-mean]" time="0.266" /><testcase classname="tests.test_model_event_linker" name="test_linked_complete_fixture_matches_native_graph[False-softmax]" time="0.070" /><testcase classname="tests.test_model_event_linker" name="test_linked_complete_fixture_matches_native_graph[True-batched]" time="0.093" /><testcase classname="tests.test_model_event_linker" name="test_linked_complete_fixture_matches_native_graph[True-neg]" time="0.056" /><testcase classname="tests.test_model_event_linker" name="test_linked_complete_fixture_matches_native_graph[True-mean]" time="0.292" /><testcase classname="tests.test_model_event_linker" name="test_linked_complete_fixture_matches_native_graph[True-softmax]" time="0.070" /><testcase classname="tests.test_model_event_linker" name="test_linker_rejects_incomplete_or_incompatible_catalogue[missing]" time="0.004" /><testcase classname="tests.test_model_event_linker" name="test_linker_rejects_incomplete_or_incompatible_catalogue[duplicate]" time="0.004" /><testcase classname="tests.test_model_event_linker" name="test_linker_rejects_incomplete_or_incompatible_catalogue[parents]" time="0.005" /><testcase classname="tests.test_model_event_linker" name="test_linker_rejects_incomplete_or_incompatible_catalogue[latency]" time="0.005" /><testcase classname="tests.test_model_event_linker" name="test_linker_rejects_incomplete_or_incompatible_catalogue[resources]" time="0.005" /><testcase classname="tests.test_model_event_linker" name="test_linker_rejects_incomplete_or_incompatible_catalogue[retry]" time="0.004" /><testcase classname="tests.test_model_event_linker" name="test_linker_rejects_incomplete_or_incompatible_catalogue[pair]" time="0.005" /><testcase classname="tests.test_model_event_linker" name="test_all_four_backends_keep_external_pair_parents[False]" time="0.032" /><testcase classname="tests.test_model_event_linker" name="test_all_four_backends_keep_external_pair_parents[True]" time="0.026" /><testcase classname="tests.test_model_event_linker" name="test_independent_link_audit_checks_work_and_mapping[None]" time="0.011" /><testcase classname="tests.test_model_event_linker" name="test_independent_link_audit_checks_work_and_mapping[parents]" time="0.009" /><testcase classname="tests.test_model_event_linker" name="test_independent_link_audit_checks_work_and_mapping[pe]" time="0.008" /><testcase classname="tests.test_model_event_linker" name="test_independent_link_audit_checks_work_and_mapping[count]" time="0.007" /><testcase classname="tests.test_model_event_linker" name="test_independent_link_audit_checks_work_and_mapping[events]" time="0.007" /><testcase classname="tests.test_model_event_linker" name="test_independent_link_audit_checks_work_and_mapping[template]" time="0.007" /><testcase classname="tests.test_model_event_linker" name="test_independent_link_audit_checks_work_and_mapping[pair]" time="0.009" /><testcase classname="tests.test_model_event_linker" name="test_independent_link_audit_checks_work_and_mapping[batch]" time="0.007" /><testcase classname="tests.test_model_event_linker" name="test_independent_link_audit_checks_work_and_mapping[latency]" time="0.007" /><testcase classname="tests.test_model_event_linker" name="test_independent_link_audit_checks_work_and_mapping[hardware]" time="0.008" /><testcase classname="tests.test_event_model_windows" name="test_full_matrix_broadcast_window_keeps_original_layout_and_offsets[0]" time="0.002" /><testcase classname="tests.test_event_model_windows" name="test_full_matrix_broadcast_window_keeps_original_layout_and_offsets[1]" time="0.002" /><testcase classname="tests.test_event_model_windows" name="test_full_matrix_broadcast_window_keeps_original_layout_and_offsets[2]" time="0.002" /><testcase classname="tests.test_event_model_windows" name="test_full_matrix_broadcast_window_keeps_original_layout_and_offsets[3]" time="0.002" /><testcase classname="tests.test_event_model_windows" name="test_full_matrix_broadcast_window_keeps_original_layout_and_offsets[4]" time="0.002" /><testcase classname="tests.test_event_model_windows" name="test_full_matrix_broadcast_window_keeps_original_layout_and_offsets[5]" time="0.002" /><testcase classname="tests.test_event_model_windows" name="test_full_matrix_broadcast_window_keeps_original_layout_and_offsets[6]" time="0.002" /><testcase classname="tests.test_event_model_windows" name="test_full_matrix_broadcast_window_keeps_original_layout_and_offsets[7]" time="0.002" /><testcase classname="tests.test_event_model_windows" name="test_full_matrix_broadcast_window_keeps_original_layout_and_offsets[8]" time="0.002" /><testcase classname="tests.test_event_model_windows" name="test_full_matrix_broadcast_window_keeps_original_layout_and_offsets[9]" time="0.002" /><testcase classname="tests.test_event_model_windows" name="test_strided_alias_address_uses_root_offset_and_strides" time="0.001" /><testcase classname="tests.test_event_model_windows" name="test_invalid_logical_address_rejected[-1]" time="0.001" /><testcase classname="tests.test_event_model_windows" name="test_invalid_logical_address_rejected[6]" time="0.001" /><testcase classname="tests.test_event_model_windows" name="test_invalid_logical_address_rejected[True]" time="0.001" /><testcase classname="tests.test_event_model_windows" name="test_identical_vector_timing_patterns_keep_distinct_value_bindings" time="0.001" /><testcase classname="tests.test_event_model_windows" name="test_missing_dynamic_witness_is_not_filled_from_expected_output[0-None]" time="0.002" /><testcase classname="tests.test_event_model_windows" name="test_missing_dynamic_witness_is_not_filled_from_expected_output[2-None]" time="0.002" /><testcase classname="tests.test_event_model_windows" name="test_guard_value_and_batch_range_are_checked" time="0.002" /><testcase classname="tests.test_event_model_windows" name="test_boolean_witness_plan_binds_actual_predecessor_sources" time="0.003" /><testcase classname="tests.test_event_model_windows" name="test_corrupt_boolean_observation_is_rejected[\x02]" time="0.001" /><testcase classname="tests.test_event_model_windows" name="test_corrupt_boolean_observation_is_rejected[]" time="0.001" /><testcase classname="tests.test_event_model_windows" name="test_corrupt_boolean_observation_is_rejected[\x00\x01]" time="0.001" /><testcase classname="tests.test_event_model_windows" name="test_where_scalar_observation_expands_only_by_real_broadcast" time="0.001" /><testcase classname="tests.test_event_model_windows" name="test_changed_memory_layout_is_rejected_before_window_lowering" time="0.001" /><testcase classname="tests.test_event_model_windows" name="test_invalid_broadcast_batch_is_rejected[args0]" time="0.001" /><testcase classname="tests.test_event_model_windows" name="test_invalid_broadcast_batch_is_rejected[args1]" time="0.001" /><testcase classname="tests.test_event_model_windows" name="test_invalid_broadcast_batch_is_rejected[args2]" time="0.001" /><testcase classname="tests.test_event_graph_plan" name="test_broadcast_batches_control_edges_and_witnesses_are_preserved" time="0.001" /><testcase classname="tests.test_event_graph_plan" name="test_incomplete_full_graph_contract_is_rejected[value]" time="0.001" /><testcase classname="tests.test_event_graph_plan" name="test_incomplete_full_graph_contract_is_rejected[reference]" time="0.001" /><testcase classname="tests.test_event_graph_plan" name="test_incomplete_full_graph_contract_is_rejected[route]" time="0.001" /><testcase classname="tests.test_event_graph_plan" name="test_incomplete_full_graph_contract_is_rejected[batch]" time="0.001" /><testcase classname="tests.test_event_graph_plan" name="test_incomplete_full_graph_contract_is_rejected[k]" time="0.001" /><testcase classname="tests.test_event_graph_plan" name="test_incomplete_full_graph_contract_is_rejected[source]" time="0.001" /><testcase classname="tests.test_event_graph_plan" name="test_incomplete_full_graph_contract_is_rejected[output]" time="0.001" /><testcase classname="tests.test_streaming_pair_events" name="test_matrix_pair_uses_actual_block_visibility_and_reserved_resources[False-1-f16]" time="0.630" /><testcase classname="tests.test_streaming_pair_events" name="test_matrix_pair_uses_actual_block_visibility_and_reserved_resources[False-1-f32]" time="0.142" /><testcase classname="tests.test_streaming_pair_events" name="test_matrix_pair_uses_actual_block_visibility_and_reserved_resources[False-2-f16]" time="0.152" /><testcase classname="tests.test_streaming_pair_events" name="test_matrix_pair_uses_actual_block_visibility_and_reserved_resources[False-2-f32]" time="0.128" /><testcase classname="tests.test_streaming_pair_events" name="test_matrix_pair_uses_actual_block_visibility_and_reserved_resources[False-32-f16]" time="0.141" /><testcase classname="tests.test_streaming_pair_events" name="test_matrix_pair_uses_actual_block_visibility_and_reserved_resources[False-32-f32]" time="0.127" /><testcase classname="tests.test_streaming_pair_events" name="test_matrix_pair_uses_actual_block_visibility_and_reserved_resources[True-1-f16]" time="0.145" /><testcase classname="tests.test_streaming_pair_events" name="test_matrix_pair_uses_actual_block_visibility_and_reserved_resources[True-1-f32]" time="0.119" /><testcase classname="tests.test_streaming_pair_events" name="test_matrix_pair_uses_actual_block_visibility_and_reserved_resources[True-2-f16]" time="0.139" /><testcase classname="tests.test_streaming_pair_events" name="test_matrix_pair_uses_actual_block_visibility_and_reserved_resources[True-2-f32]" time="0.124" /><testcase classname="tests.test_streaming_pair_events" name="test_matrix_pair_uses_actual_block_visibility_and_reserved_resources[True-32-f16]" time="0.137" /><testcase classname="tests.test_streaming_pair_events" name="test_matrix_pair_uses_actual_block_visibility_and_reserved_resources[True-32-f32]" time="0.129" /><testcase classname="tests.test_streaming_pair_events" name="test_other_pair_mappings_and_matrix_batch_offsets[False-batched]" time="0.161" /><testcase classname="tests.test_streaming_pair_events" name="test_other_pair_mappings_and_matrix_batch_offsets[False-neg]" time="0.079" /><testcase classname="tests.test_streaming_pair_events" name="test_other_pair_mappings_and_matrix_batch_offsets[False-mean]" time="0.520" /><testcase classname="tests.test_streaming_pair_events" name="test_other_pair_mappings_and_matrix_batch_offsets[False-softmax]" time="0.183" /><testcase classname="tests.test_streaming_pair_events" name="test_other_pair_mappings_and_matrix_batch_offsets[True-batched]" time="0.147" /><testcase classname="tests.test_streaming_pair_events" name="test_other_pair_mappings_and_matrix_batch_offsets[True-neg]" time="0.073" /><testcase classname="tests.test_streaming_pair_events" name="test_other_pair_mappings_and_matrix_batch_offsets[True-mean]" time="0.541" /><testcase classname="tests.test_streaming_pair_events" name="test_other_pair_mappings_and_matrix_batch_offsets[True-softmax]" time="0.105" /><testcase classname="tests.test_streaming_pair_events" name="test_invalid_streaming_pair_contract_rejected[credit]" time="0.011" /><testcase classname="tests.test_streaming_pair_events" name="test_invalid_streaming_pair_contract_rejected[shape]" time="0.012" /><testcase classname="tests.test_streaming_pair_events" name="test_invalid_streaming_pair_contract_rejected[mapping]" time="0.012" /><testcase classname="tests.test_streaming_pair_events" name="test_invalid_streaming_pair_contract_rejected[consumer]" time="0.012" /><testcase classname="tests.test_streaming_pair_events" name="test_invalid_streaming_pair_contract_rejected[resources]" time="0.012" /><testcase classname="tests.test_streaming_pair_events" name="test_invalid_streaming_pair_contract_rejected[duplicate]" time="0.012" /><testcase classname="tests.test_streaming_pair_events" name="test_invalid_streaming_pair_contract_rejected[closure]" time="0.013" /><testcase classname="tests.test_streaming_pair_events" name="test_invalid_streaming_pair_contract_rejected[dtype]" time="0.013" /><testcase classname="tests.test_streaming_pair_events" name="test_invalid_streaming_pair_contract_rejected[short_write]" time="0.015" /><testcase classname="tests.test_streaming_pair_events" name="test_invalid_streaming_pair_contract_rejected[nonwrite_end]" time="0.017" /><testcase classname="tests.test_streaming_pair_events" name="test_registered_acceptance_replaces_frontend_endpoint_latency[2-1]" time="0.142" /><testcase classname="tests.test_streaming_pair_events" name="test_registered_acceptance_replaces_frontend_endpoint_latency[2-3]" time="0.134" /><testcase classname="tests.test_streaming_pair_events" name="test_registered_acceptance_replaces_frontend_endpoint_latency[4-1]" time="0.133" /><testcase classname="tests.test_streaming_pair_events" name="test_registered_acceptance_replaces_frontend_endpoint_latency[4-3]" time="0.141" /><testcase classname="tests.test_streaming_pair_events" name="test_full_array_consumer_reservation_keeps_space_for_f32_producer" time="0.517" /><testcase classname="tests.test_streaming_pair_events" name="test_pair_epochs_array_exclusivity_and_private_control_overlap" time="0.232" /><testcase classname="tests.test_streaming_pair_events" name="test_unimplemented_physical_retry_policy_is_rejected" time="0.012" /><testcase classname="tests.test_model_readback_timing" name="test_readback_matches_actual_native_loop[batched-1-1]" time="0.489" /><testcase classname="tests.test_model_readback_timing" name="test_readback_matches_actual_native_loop[batched-8-1]" time="0.107" /><testcase classname="tests.test_model_readback_timing" name="test_readback_matches_actual_native_loop[batched-3-2]" time="0.093" /><testcase classname="tests.test_model_readback_timing" name="test_readback_matches_actual_native_loop[batched-8-4]" time="0.102" /><testcase classname="tests.test_model_readback_timing" name="test_readback_matches_actual_native_loop[neg-1-1]" time="0.054" /><testcase classname="tests.test_model_readback_timing" name="test_readback_matches_actual_native_loop[neg-8-1]" time="0.065" /><testcase classname="tests.test_model_readback_timing" name="test_readback_matches_actual_native_loop[neg-3-2]" time="0.064" /><testcase classname="tests.test_model_readback_timing" name="test_readback_matches_actual_native_loop[neg-8-4]" time="0.063" /><testcase classname="tests.test_model_readback_timing" name="test_invalid_readback_rejected[retry]" time="0.008" /><testcase classname="tests.test_model_readback_timing" name="test_invalid_readback_rejected[period]" time="0.008" /><testcase classname="tests.test_model_readback_timing" name="test_invalid_readback_rejected[negative]" time="0.005" /><testcase classname="tests.test_model_readback_timing" name="test_invalid_readback_rejected[width]" time="0.008" /><testcase classname="tests.test_model_readback_timing" name="test_invalid_readback_rejected[overflow]" time="0.005" /><testcase classname="tests.test_model_readback_timing" name="test_qa_reads_logits_mask_and_both_offsets[1-28]" time="1.380" /><testcase classname="tests.test_model_readback_timing" name="test_qa_reads_logits_mask_and_both_offsets[1-64]" time="0.065" /><testcase classname="tests.test_model_readback_timing" name="test_qa_reads_logits_mask_and_both_offsets[4-28]" time="0.036" /><testcase classname="tests.test_model_readback_timing" name="test_qa_reads_logits_mask_and_both_offsets[4-64]" time="0.068" /><testcase classname="tests.test_model_readback_timing" name="test_actual_graph_runner_then_readback_cli" time="1.100" /></testsuite></testsuites>