<?xml version="1.0" encoding="utf-8"?><testsuites name="pytest tests"><testsuite name="pytest" errors="0" failures="0" skipped="0" tests="56" time="8.614" timestamp="2026-09-07T08:19:24.149011+00:00" hostname="ubuntu"><testcase classname="tests.test_tagged_scheduler" name="test_t1_t2_t3_t12_local_contexts_overlap_and_hide_waits" time="0.007" /><testcase classname="tests.test_tagged_scheduler" name="test_t4_compute_capacity_and_initiation_interval" time="0.008" /><testcase classname="tests.test_tagged_scheduler" name="test_t5_t8_t9_iteration_mailboxes_and_network_backpressure[1]" time="0.003" /><testcase classname="tests.test_tagged_scheduler" name="test_t5_t8_t9_iteration_mailboxes_and_network_backpressure[2]" time="0.004" /><testcase classname="tests.test_tagged_scheduler" name="test_t5_t8_t9_iteration_mailboxes_and_network_backpressure[4]" time="0.005" /><testcase classname="tests.test_tagged_scheduler" name="test_t7_logical_ids_do_not_alias_four_bit_slots" time="0.015" /><testcase classname="tests.test_tagged_scheduler" name="test_t6_t11_illegal_capacity_and_contracts_are_rejected[change0]" time="0.001" /><testcase classname="tests.test_tagged_scheduler" name="test_t6_t11_illegal_capacity_and_contracts_are_rejected[change1]" time="0.001" /><testcase classname="tests.test_tagged_scheduler" name="test_t6_t11_illegal_capacity_and_contracts_are_rejected[change2]" time="0.001" /><testcase classname="tests.test_tagged_scheduler" name="test_t6_t11_illegal_capacity_and_contracts_are_rejected[change3]" time="0.001" /><testcase classname="tests.test_tagged_scheduler" name="test_t6_t11_illegal_capacity_and_contracts_are_rejected[change4]" time="0.001" /><testcase classname="tests.test_tagged_scheduler" name="test_t6_t11_illegal_capacity_and_contracts_are_rejected[change5]" time="0.001" /><testcase classname="tests.test_tagged_scheduler" name="test_reject_shared_memory_race_and_unconsumed_message" time="0.001" /><testcase classname="tests.test_tagged_scheduler" name="test_t11_json_and_binary_image_roundtrip" time="0.008" /><testcase classname="tests.test_tagged_scheduler" name="test_stuck_environment_reports_pending_contexts_not_a_pass" time="0.001" /><testcase classname="tests.test_tagged_scheduler" name="test_t5_stale_iteration_packet_is_rejected" time="0.002" /><testcase classname="tests.test_tagged_scheduler" name="test_t10_automatic_mapping_spills_and_routing[1-1]" time="0.004" /><testcase classname="tests.test_tagged_scheduler" name="test_t10_automatic_mapping_spills_and_routing[1-2]" time="0.004" /><testcase classname="tests.test_tagged_scheduler" name="test_t10_automatic_mapping_spills_and_routing[1-4]" time="0.003" /><testcase classname="tests.test_tagged_scheduler" name="test_t10_automatic_mapping_spills_and_routing[2-1]" time="0.004" /><testcase classname="tests.test_tagged_scheduler" name="test_t10_automatic_mapping_spills_and_routing[2-2]" time="0.004" /><testcase classname="tests.test_tagged_scheduler" name="test_t10_automatic_mapping_spills_and_routing[2-4]" time="0.004" /><testcase classname="tests.test_tagged_scheduler" name="test_t10_automatic_mapping_spills_and_routing[4-1]" time="0.005" /><testcase classname="tests.test_tagged_scheduler" name="test_t10_automatic_mapping_spills_and_routing[4-2]" time="0.005" /><testcase classname="tests.test_tagged_scheduler" name="test_t10_automatic_mapping_spills_and_routing[4-4]" time="0.005" /><testcase classname="tests.test_tagged_scheduler" name="test_t10_compiler_capacity_failure_is_not_silently_fitted" time="0.001" /><testcase classname="tests.test_tagged_scheduler" name="test_native_t3_t5_t8_t9_transport_and_iteration_ownership[1]" time="0.145" /><testcase classname="tests.test_tagged_scheduler" name="test_native_t3_t5_t8_t9_transport_and_iteration_ownership[2]" time="0.147" /><testcase classname="tests.test_tagged_scheduler" name="test_native_t3_t5_t8_t9_transport_and_iteration_ownership[4]" time="0.142" /><testcase classname="tests.test_tagged_scheduler" name="test_native_t1_t2_t4_t12_overlap_with_unchanged_resources" time="0.424" /><testcase classname="tests.test_tagged_scheduler" name="test_native_t7_slot_reuse_across_40_logical_blocks" time="0.224" /><testcase classname="tests.test_tagged_scheduler" name="test_native_t6_t11_reject_program_abi_and_capacity_without_python_validation" time="0.272" /><testcase classname="tests.test_tagged_scheduler" name="test_native_t10_compiler_to_cpp_execution" time="0.169" /><testcase classname="tests.test_tagged_scheduler" name="test_native_trace_disabled_keeps_cycles_and_resource_counts" time="0.317" /><testcase classname="tests.test_tagged_scheduler" name="test_native_registered_workload_from_source_math[bsmm]" time="0.427" /><testcase classname="tests.test_tagged_scheduler" name="test_native_registered_workload_from_source_math[fft_cmp]" time="0.459" /><testcase classname="tests.test_tagged_scheduler" name="test_native_registered_workload_from_source_math[swa]" time="0.413" /><testcase classname="tests.test_tagged_scheduler" name="test_native_registered_workload_from_source_math[transformer_block]" time="0.487" /><testcase classname="tests.test_tagged_scheduler" name="test_native_destination_credit_prevents_future_iteration_router_blocking" time="0.265" /><testcase classname="tests.test_tagged_scheduler" name="test_source_regions_preserve_layer_identity_and_coarse_contexts[bsmm]" time="0.177" /><testcase classname="tests.test_tagged_scheduler" name="test_source_regions_preserve_layer_identity_and_coarse_contexts[fft_cmp]" time="0.239" /><testcase classname="tests.test_tagged_scheduler" name="test_source_regions_preserve_layer_identity_and_coarse_contexts[swa]" time="0.186" /><testcase classname="tests.test_tagged_scheduler" name="test_source_regions_preserve_layer_identity_and_coarse_contexts[transformer_block]" time="0.227" /><testcase classname="tests.test_tagged_scheduler" name="test_region_liveness_reuses_temporaries_without_dynamic_scoreboarding" time="0.148" /><testcase classname="tests.test_tagged_scheduler" name="test_region_contraction_rejects_a_hidden_cross_block_cycle" time="0.001" /><testcase classname="tests.test_tagged_scheduler" name="test_c_api_tick_pause_poll_and_independent_instances" time="0.269" /><testcase classname="tests.test_tagged_scheduler" name="test_typed_mlir_frontend_preserves_source_math_and_layer_regions[bsmm]" time="0.346" /><testcase classname="tests.test_tagged_scheduler" name="test_typed_mlir_frontend_preserves_source_math_and_layer_regions[fft_cmp]" time="0.404" /><testcase classname="tests.test_tagged_scheduler" name="test_typed_mlir_frontend_preserves_source_math_and_layer_regions[swa]" time="0.320" /><testcase classname="tests.test_tagged_scheduler" name="test_typed_mlir_frontend_preserves_source_math_and_layer_regions[transformer_block]" time="0.444" /><testcase classname="tests.test_tagged_scheduler" name="test_mlir_cse_respects_context_boundaries_and_output_aliases[True]" time="0.295" /><testcase classname="tests.test_tagged_scheduler" name="test_mlir_cse_respects_context_boundaries_and_output_aliases[False]" time="0.310" /><testcase classname="tests.test_tagged_scheduler" name="test_mlir_rejects_operand_type_mismatch_before_lowering" time="0.152" /><testcase classname="tests.test_tagged_scheduler" name="test_native_fused_regions_spill_between_resource_limited_waves[8]" time="0.153" /><testcase classname="tests.test_tagged_scheduler" name="test_native_fused_regions_spill_between_resource_limited_waves[16]" time="0.162" /><testcase classname="tests.test_tagged_scheduler" name="test_native_folded_bsmm_overlaps_real_layers_with_identical_resources" time="0.457" /></testsuite></testsuites>